
                                      ARENA Simulation Results
                                   Windows User - License: STUDENT

                                  Summary for Replication 1 of 1

Project: Unnamed Project                                             Run execution date : 5/27/2018
Analyst: Windows User                                                Model revision date: 5/27/2018

Replication ended at time      : 14.0 Hours (Monday, May 21, 2018, 05:44:07)
Base Time Units: Hours

                                           TALLY VARIABLES

Identifier                                  Average   Half Width  Minimum    Maximum   Observations
___________________________________________________________________________________________________

Entity 1.VATime                             .08683     (Insuf)    .07502     .09997        283    
Entity 1.NVATime                            .00000     (Insuf)    .00000     .00000        283    
Entity 1.WaitTime                           .31324     (Insuf)    .00000     1.1592        283    
Entity 1.TranTime                           .00000     (Insuf)    .00000     .00000        283    
Entity 1.OtherTime                          .00000     (Insuf)    .00000     .00000        283    
Entity 1.TotalTime                          .40008     (Insuf)    .07502     1.2454        283    
wash server two.Queue.WaitingTime           .12554     (Insuf)    .00000     .39165        145    
wash server one.Queue.WaitingTime           .50940     (Insuf)    .00000     1.1592        140    

                                     DISCRETE-CHANGE VARIABLES

Identifier                                  Average   Half Width  Minimum    Maximum   Final Value
___________________________________________________________________________________________________

Entity 1.WIP                                8.3593     (Corr)     .00000     19.000     10.000    
washserver_2.NumberBusy                     .84599     (Insuf)    .00000     1.0000     1.0000    
washserver_2.NumberScheduled                1.0000     (Insuf)    1.0000     1.0000     1.0000    
washserver_2.Utilization                    .84599     (Insuf)    .00000     1.0000     1.0000    
washserver_1.NumberBusy                     .91058     (Insuf)    .00000     1.0000     1.0000    
washserver_1.NumberScheduled                1.0000     (Insuf)    1.0000     1.0000     1.0000    
washserver_1.Utilization                    .91058     (Insuf)    .00000     1.0000     1.0000    
wash server two.Queue.NumberInQueue         1.3002     (Insuf)    .00000     5.0000     .00000    
wash server one.Queue.NumberInQueue         5.3025     (Insuf)    .00000     13.000     8.0000    

                                             OUTPUTS

Identifier                                   Value
_____________________________________________________________

Entity 1.NumberIn                           293.00    
Entity 1.NumberOut                          283.00    
washserver_2.NumberSeized                   145.00    
washserver_2.ScheduledUtilization           .84599    
washserver_1.NumberSeized                   140.00    
washserver_1.ScheduledUtilization           .91058    
System.NumberOut                            283.00    


Simulation run time: 0.48 minutes.
Simulation run complete.
